<?xml version="1.0" encoding="UTF-8"?>
<testng-results ignored="0" total="2" passed="2" failed="0" skipped="0">
  <reporter-output>
  </reporter-output>
  <suite started-at="2022-11-28T10:56:55 IST" name="Default suite" finished-at="2022-11-28T10:57:21 IST" duration-ms="26647">
    <groups>
    </groups>
    <test started-at="2022-11-28T10:56:55 IST" name="Default test" finished-at="2022-11-28T10:57:21 IST" duration-ms="26647">
      <class name="test.GoogleSearchTest">
        <test-method signature="googleSearch()[pri:1, instance:test.GoogleSearchTest@564fabc8]" started-at="2022-11-28T10:56:55 IST" name="googleSearch" finished-at="2022-11-28T10:57:06 IST" duration-ms="11480" status="PASS">
          <reporter-output>
          </reporter-output>
        </test-method> <!-- googleSearch -->
        <test-method signature="Login()[pri:2, instance:test.GoogleSearchTest@564fabc8]" started-at="2022-11-28T10:57:06 IST" name="Login" finished-at="2022-11-28T10:57:07 IST" duration-ms="226" status="PASS">
          <reporter-output>
          </reporter-output>
        </test-method> <!-- Login -->
        <test-method is-config="true" signature="SearchOption()[pri:0, instance:test.GoogleSearchTest@564fabc8]" started-at="2022-11-28T10:57:07 IST" name="SearchOption" finished-at="2022-11-28T10:57:21 IST" duration-ms="14882" status="PASS">
          <reporter-output>
          </reporter-output>
        </test-method> <!-- SearchOption -->
      </class> <!-- test.GoogleSearchTest -->
    </test> <!-- Default test -->
  </suite> <!-- Default suite -->
</testng-results>
